

Version:	3.9
CmdLine:	E:\Tran Hai\HUST\20202\Database Lab\Project\Database-Lab\Executable files\V1.exe --l4j-debug
WOW64:		yes
Working dir:	E:\Tran Hai\HUST\20202\Database Lab\Project\Database-Lab\Executable files\.
64-bit search:	SOFTWARE\JavaSoft\Java Runtime Environment...
32-bit search:	SOFTWARE\JavaSoft\Java Runtime Environment...
64-bit search:	SOFTWARE\JavaSoft\Java Development Kit...
Check:		SOFTWARE\JavaSoft\Java Development Kit\1.8
Ignore:		1.8
Check:		SOFTWARE\JavaSoft\Java Development Kit\1.8.0_281
Check launcher:	C:\Program Files\Java\jdk1.8.0_281\jre\bin\javaw.exe (OK)
Match:		1.8.0_281
Runtime used:	1.8.0_281 (64-bit)
Launcher:	C:\Program Files\Java\jdk1.8.0_281\jre\bin\javaw.exe
Launcher args:	-jar "E:\Tran Hai\HUST\20202\Database Lab\Project\Database-Lab\Executable files\V1.exe"
Args length:	87/32768 chars
Exit code:	0


Version:	3.9
CmdLine:	E:\Tran Hai\HUST\20202\Database Lab\Project\Database-Lab\Executable files\V1.exe --l4j-debug
WOW64:		yes
Working dir:	E:\Tran Hai\HUST\20202\Database Lab\Project\Database-Lab\Executable files\.
64-bit search:	SOFTWARE\JavaSoft\Java Runtime Environment...
32-bit search:	SOFTWARE\JavaSoft\Java Runtime Environment...
64-bit search:	SOFTWARE\JavaSoft\Java Development Kit...
Check:		SOFTWARE\JavaSoft\Java Development Kit\1.8
Ignore:		1.8
Check:		SOFTWARE\JavaSoft\Java Development Kit\1.8.0_281
Check launcher:	C:\Program Files\Java\jdk1.8.0_281\jre\bin\javaw.exe (OK)
Match:		1.8.0_281
Runtime used:	1.8.0_281 (64-bit)
Launcher:	C:\Program Files\Java\jdk1.8.0_281\jre\bin\javaw.exe
Launcher args:	-jar "E:\Tran Hai\HUST\20202\Database Lab\Project\Database-Lab\Executable files\V1.exe"
Args length:	87/32768 chars
Exit code:	0


Version:	3.9
CmdLine:	E:\Tran Hai\HUST\20202\Database Lab\Project\Database-Lab\Executable files\V1.exe --l4j-debug
WOW64:		yes
Working dir:	E:\Tran Hai\HUST\20202\Database Lab\Project\Database-Lab\Executable files\.
64-bit search:	SOFTWARE\JavaSoft\Java Runtime Environment...
32-bit search:	SOFTWARE\JavaSoft\Java Runtime Environment...
64-bit search:	SOFTWARE\JavaSoft\Java Development Kit...
Check:		SOFTWARE\JavaSoft\Java Development Kit\1.8
Ignore:		1.8
Check:		SOFTWARE\JavaSoft\Java Development Kit\1.8.0_281
Check launcher:	C:\Program Files\Java\jdk1.8.0_281\jre\bin\javaw.exe (OK)
Match:		1.8.0_281
Runtime used:	1.8.0_281 (64-bit)
Launcher:	C:\Program Files\Java\jdk1.8.0_281\jre\bin\javaw.exe
Launcher args:	-jar "E:\Tran Hai\HUST\20202\Database Lab\Project\Database-Lab\Executable files\V1.exe"
Args length:	87/32768 chars
Exit code:	0


Version:	3.9
CmdLine:	E:\Tran Hai\HUST\20202\Database Lab\Project\Database-Lab\Executable files\V1.exe --l4j-debug
WOW64:		yes
Working dir:	E:\Tran Hai\HUST\20202\Database Lab\Project\Database-Lab\Executable files\.
64-bit search:	SOFTWARE\JavaSoft\Java Runtime Environment...
32-bit search:	SOFTWARE\JavaSoft\Java Runtime Environment...
64-bit search:	SOFTWARE\JavaSoft\Java Development Kit...
Check:		SOFTWARE\JavaSoft\Java Development Kit\1.8
Ignore:		1.8
Check:		SOFTWARE\JavaSoft\Java Development Kit\1.8.0_281
Check launcher:	C:\Program Files\Java\jdk1.8.0_281\jre\bin\javaw.exe (OK)
Match:		1.8.0_281
Runtime used:	1.8.0_281 (64-bit)
Launcher:	C:\Program Files\Java\jdk1.8.0_281\jre\bin\javaw.exe
Launcher args:	-jar "E:\Tran Hai\HUST\20202\Database Lab\Project\Database-Lab\Executable files\V1.exe"
Args length:	87/32768 chars
Exit code:	0


Version:	3.9
CmdLine:	E:\Tran Hai\HUST\20202\Database Lab\Project\Database-Lab\Executable files\V1.exe --l4j-debug
WOW64:		yes
Working dir:	E:\Tran Hai\HUST\20202\Database Lab\Project\Database-Lab\Executable files\.
64-bit search:	SOFTWARE\JavaSoft\Java Runtime Environment...
32-bit search:	SOFTWARE\JavaSoft\Java Runtime Environment...
64-bit search:	SOFTWARE\JavaSoft\Java Development Kit...
Check:		SOFTWARE\JavaSoft\Java Development Kit\1.8
Ignore:		1.8
Check:		SOFTWARE\JavaSoft\Java Development Kit\1.8.0_281
Check launcher:	C:\Program Files\Java\jdk1.8.0_281\jre\bin\javaw.exe (OK)
Match:		1.8.0_281
Runtime used:	1.8.0_281 (64-bit)
Launcher:	C:\Program Files\Java\jdk1.8.0_281\jre\bin\javaw.exe
Launcher args:	-jar "E:\Tran Hai\HUST\20202\Database Lab\Project\Database-Lab\Executable files\V1.exe"
Args length:	87/32768 chars
Exit code:	0


Version:	3.9
CmdLine:	E:\Tran Hai\HUST\20202\Database Lab\Project\Database-Lab\Executable files\V1.exe --l4j-debug
WOW64:		yes
Working dir:	E:\Tran Hai\HUST\20202\Database Lab\Project\Database-Lab\Executable files\.
64-bit search:	SOFTWARE\JavaSoft\Java Runtime Environment...
32-bit search:	SOFTWARE\JavaSoft\Java Runtime Environment...
64-bit search:	SOFTWARE\JavaSoft\Java Development Kit...
Check:		SOFTWARE\JavaSoft\Java Development Kit\1.8
Ignore:		1.8
Check:		SOFTWARE\JavaSoft\Java Development Kit\1.8.0_281
Check launcher:	C:\Program Files\Java\jdk1.8.0_281\jre\bin\javaw.exe (OK)
Match:		1.8.0_281
Runtime used:	1.8.0_281 (64-bit)
Launcher:	C:\Program Files\Java\jdk1.8.0_281\jre\bin\javaw.exe
Launcher args:	-jar "E:\Tran Hai\HUST\20202\Database Lab\Project\Database-Lab\Executable files\V1.exe"
Args length:	87/32768 chars
Exit code:	0


Version:	3.9
CmdLine:	E:\Tran Hai\HUST\20202\Database Lab\Project\Database-Lab\Executable files\V1.exe --l4j-debug
WOW64:		yes
Working dir:	E:\Tran Hai\HUST\20202\Database Lab\Project\Database-Lab\Executable files\.
64-bit search:	SOFTWARE\JavaSoft\Java Runtime Environment...
32-bit search:	SOFTWARE\JavaSoft\Java Runtime Environment...
64-bit search:	SOFTWARE\JavaSoft\Java Development Kit...
Check:		SOFTWARE\JavaSoft\Java Development Kit\1.8
Ignore:		1.8
Check:		SOFTWARE\JavaSoft\Java Development Kit\1.8.0_281
Check launcher:	C:\Program Files\Java\jdk1.8.0_281\jre\bin\javaw.exe (OK)
Match:		1.8.0_281
Runtime used:	1.8.0_281 (64-bit)
Launcher:	C:\Program Files\Java\jdk1.8.0_281\jre\bin\javaw.exe
Launcher args:	-jar "E:\Tran Hai\HUST\20202\Database Lab\Project\Database-Lab\Executable files\V1.exe"
Args length:	87/32768 chars
Exit code:	0
